<?xml version="1.0" encoding="UTF-8"?>
<testsuite name="ForthTest$Multiplication" tests="3" skipped="0" failures="0" errors="0" timestamp="2023-03-06T16:50:29" hostname="MacBook-Pro-di-Vittorio-2.local" time="0.001">
  <properties/>
  <testcase name="can multiply two numbers" classname="ForthTest$Multiplication" time="0.0"/>
  <testcase name="errors if there is nothing on the stack" classname="ForthTest$Multiplication" time="0.0"/>
  <testcase name="errors if there is only one value on the stack" classname="ForthTest$Multiplication" time="0.0"/>
  <system-out><![CDATA[]]></system-out>
  <system-err><![CDATA[]]></system-err>
</testsuite>
