<?xml version="1.0" encoding="UTF-8"?>
<testsuite name="ForthTest$CaseInsensitivity" tests="6" skipped="0" failures="0" errors="0" timestamp="2023-03-05T18:26:45" hostname="MBPdiVittorio2.lan" time="0.02">
  <properties/>
  <testcase name="OVER is case-insensitive" classname="ForthTest$CaseInsensitivity" time="0.018"/>
  <testcase name="SWAP is case-insensitive" classname="ForthTest$CaseInsensitivity" time="0.001"/>
  <testcase name="user-defined words are case-insensitive" classname="ForthTest$CaseInsensitivity" time="0.0"/>
  <testcase name="definitions are case-insensitive" classname="ForthTest$CaseInsensitivity" time="0.001"/>
  <testcase name="DROP is case-insensitive" classname="ForthTest$CaseInsensitivity" time="0.0"/>
  <testcase name="DUP is case-insensitive" classname="ForthTest$CaseInsensitivity" time="0.0"/>
  <system-out><![CDATA[[1, 2, over, over, over]
[1, 2, swap, 3, swap, 4, swap]
[1, dup, dup, dup]
[1, dup, dup, dup]
[1, 2, 3, 4, drop, drop, drop]
[1, dup, dup, dup]
]]></system-out>
  <system-err><![CDATA[]]></system-err>
</testsuite>
