<?xml version="1.0" encoding="UTF-8"?>
<testsuite name="ForthTest$Addition" tests="3" skipped="0" failures="0" errors="0" timestamp="2023-03-06T16:50:29" hostname="MacBook-Pro-di-Vittorio-2.local" time="0.033">
  <properties/>
  <testcase name="errors if there is nothing on the stack" classname="ForthTest$Addition" time="0.028"/>
  <testcase name="can add two numbers" classname="ForthTest$Addition" time="0.003"/>
  <testcase name="errors if there is only one value on the stack" classname="ForthTest$Addition" time="0.001"/>
  <system-out><![CDATA[]]></system-out>
  <system-err><![CDATA[]]></system-err>
</testsuite>
