<?xml version="1.0" encoding="UTF-8"?>
<testsuite name="ForthTest$CombinedArithmetic" tests="2" skipped="0" failures="0" errors="0" timestamp="2023-03-06T16:50:29" hostname="MacBook-Pro-di-Vittorio-2.local" time="0.0">
  <properties/>
  <testcase name="multiplication and division" classname="ForthTest$CombinedArithmetic" time="0.0"/>
  <testcase name="addition and subtraction" classname="ForthTest$CombinedArithmetic" time="0.0"/>
  <system-out><![CDATA[]]></system-out>
  <system-err><![CDATA[]]></system-err>
</testsuite>
