<?xml version="1.0" encoding="UTF-8"?>
<testsuite name="ForthTest$ParsingAndNumbersTest" tests="1" skipped="0" failures="0" errors="0" timestamp="2023-03-06T16:50:29" hostname="MacBook-Pro-di-Vittorio-2.local" time="0.001">
  <properties/>
  <testcase name="numbers just get pushed onto the stack" classname="ForthTest$ParsingAndNumbersTest" time="0.001"/>
  <system-out><![CDATA[[1, 2, 3, 4, 5]
]]></system-out>
  <system-err><![CDATA[]]></system-err>
</testsuite>
