<?xml version="1.0" encoding="UTF-8"?>
<testsuite name="ForthTest$UserDefinedWords" tests="9" skipped="0" failures="0" errors="0" timestamp="2023-03-06T16:50:29" hostname="MacBook-Pro-di-Vittorio-2.local" time="0.002">
  <properties/>
  <testcase name="can consist of built-in words" classname="ForthTest$UserDefinedWords" time="0.001"/>
  <testcase name="can override other user-defined words" classname="ForthTest$UserDefinedWords" time="0.0"/>
  <testcase name="execute in the right order" classname="ForthTest$UserDefinedWords" time="0.0"/>
  <testcase name="errors if executing a non-existent word" classname="ForthTest$UserDefinedWords" time="0.0"/>
  <testcase name="can define word that uses word with the same name" classname="ForthTest$UserDefinedWords" time="0.0"/>
  <testcase name="can override built-in words" classname="ForthTest$UserDefinedWords" time="0.0"/>
  <testcase name="cannot redefine numbers" classname="ForthTest$UserDefinedWords" time="0.001"/>
  <testcase name="can override built-in operators" classname="ForthTest$UserDefinedWords" time="0.0"/>
  <testcase name="can use different words with the same name" classname="ForthTest$UserDefinedWords" time="0.0"/>
  <system-out><![CDATA[]]></system-out>
  <system-err><![CDATA[]]></system-err>
</testsuite>
