<?xml version="1.0" encoding="UTF-8"?>
<testsuite name="ListExtensionsTest" tests="1" skipped="0" failures="1" errors="0" timestamp="2023-03-07T16:07:21" hostname="MacBook-Pro-di-Vittorio-2.local" time="0.017">
  <properties/>
  <testcase name="fold left - direction independent function" classname="ListExtensionsTest" time="0.017">
    <failure message="java.lang.StackOverflowError" type="java.lang.StackOverflowError">java.lang.StackOverflowError
	at java.base/java.util.ArrayList.&lt;init&gt;(ArrayList.java:181)
	at kotlin.collections.CollectionsKt___CollectionsKt.toMutableList(_Collections.kt:1333)
	at kotlin.collections.CollectionsKt___CollectionsKt.toList(_Collections.kt:1314)
	at kotlin.collections.CollectionsKt___CollectionsKt.slice(_Collections.kt:864)
	at ListOpsKt.customFoldLeft(ListOps.kt:57)
	at ListOpsKt.customFoldLeft(ListOps.kt:57)
	at ListOpsKt.customFoldLeft(ListOps.kt:57)
	at ListOpsKt.customFoldLeft(ListOps.kt:57)
	at ListOpsKt.customFoldLeft(ListOps.kt:57)
	at ListOpsKt.customFoldLeft(ListOps.kt:57)
	at ListOpsKt.customFoldLeft(ListOps.kt:57)
	at ListOpsKt.customFoldLeft(ListOps.kt:57)
	at ListOpsKt.customFoldLeft(ListOps.kt:57)
	at ListOpsKt.customFoldLeft(ListOps.kt:57)
	at ListOpsKt.customFoldLeft(ListOps.kt:57)
	at ListOpsKt.customFoldLeft(ListOps.kt:57)
	at ListOpsKt.customFoldLeft(ListOps.kt:57)
	at ListOpsKt.customFoldLeft(ListOps.kt:57)
	at ListOpsKt.customFoldLeft(ListOps.kt:57)
	at ListOpsKt.customFoldLeft(ListOps.kt:57)
	at ListOpsKt.customFoldLeft(ListOps.kt:57)
	at ListOpsKt.customFoldLeft(ListOps.kt:57)
	at ListOpsKt.customFoldLeft(ListOps.kt:57)
	at ListOpsKt.customFoldLeft(ListOps.kt:57)
	at ListOpsKt.customFoldLeft(ListOps.kt:57)
	at ListOpsKt.customFoldLeft(ListOps.kt:57)
	at ListOpsKt.customFoldLeft(ListOps.kt:57)
	at ListOpsKt.customFoldLeft(ListOps.kt:57)
	at ListOpsKt.customFoldLeft(ListOps.kt:57)
	at ListOpsKt.customFoldLeft(ListOps.kt:57)
	at ListOpsKt.customFoldLeft(ListOps.kt:57)
	at ListOpsKt.customFoldLeft(ListOps.kt:57)
	at ListOpsKt.customFoldLeft(ListOps.kt:57)
	at ListOpsKt.customFoldLeft(ListOps.kt:57)
	at ListOpsKt.customFoldLeft(ListOps.kt:57)
	at ListOpsKt.customFoldLeft(ListOps.kt:57)
	at ListOpsKt.customFoldLeft(ListOps.kt:57)
	at ListOpsKt.customFoldLeft(ListOps.kt:57)
	at ListOpsKt.customFoldLeft(ListOps.kt:57)
	at ListOpsKt.customFoldLeft(ListOps.kt:57)
	at ListOpsKt.customFoldLeft(ListOps.kt:57)
	at ListOpsKt.customFoldLeft(ListOps.kt:57)
	at ListOpsKt.customFoldLeft(ListOps.kt:57)
	at ListOpsKt.customFoldLeft(ListOps.kt:57)
	at ListOpsKt.customFoldLeft(ListOps.kt:57)
	at ListOpsKt.customFoldLeft(ListOps.kt:57)
	at ListOpsKt.customFoldLeft(ListOps.kt:57)
	at ListOpsKt.customFoldLeft(ListOps.kt:57)
	at ListOpsKt.customFoldLeft(ListOps.kt:57)
	at ListOpsKt.customFoldLeft(ListOps.kt:57)
	at ListOpsKt.customFoldLeft(ListOps.kt:57)
	at ListOpsKt.customFoldLeft(ListOps.kt:57)
	at ListOpsKt.customFoldLeft(ListOps.kt:57)
	at ListOpsKt.customFoldLeft(ListOps.kt:57)
	at ListOpsKt.customFoldLeft(ListOps.kt:57)
	at ListOpsKt.customFoldLeft(ListOps.kt:57)
	at ListOpsKt.customFoldLeft(ListOps.kt:57)
	at ListOpsKt.customFoldLeft(ListOps.kt:57)
	at ListOpsKt.customFoldLeft(ListOps.kt:57)
	at ListOpsKt.customFoldLeft(ListOps.kt:57)
	at ListOpsKt.customFoldLeft(ListOps.kt:57)
	at ListOpsKt.customFoldLeft(ListOps.kt:57)
	at ListOpsKt.customFoldLeft(ListOps.kt:57)
	at ListOpsKt.customFoldLeft(ListOps.kt:57)
	at ListOpsKt.customFoldLeft(ListOps.kt:57)
	at ListOpsKt.customFoldLeft(ListOps.kt:57)
	at ListOpsKt.customFoldLeft(ListOps.kt:57)
	at ListOpsKt.customFoldLeft(ListOps.kt:57)
	at ListOpsKt.customFoldLeft(ListOps.kt:57)
	at ListOpsKt.customFoldLeft(ListOps.kt:57)
	at ListOpsKt.customFoldLeft(ListOps.kt:57)
	at ListOpsKt.customFoldLeft(ListOps.kt:57)
	at ListOpsKt.customFoldLeft(ListOps.kt:57)
	at ListOpsKt.customFoldLeft(ListOps.kt:57)
	at ListOpsKt.customFoldLeft(ListOps.kt:57)
	at ListOpsKt.customFoldLeft(ListOps.kt:57)
	at ListOpsKt.customFoldLeft(ListOps.kt:57)
	at ListOpsKt.customFoldLeft(ListOps.kt:57)
	at ListOpsKt.customFoldLeft(ListOps.kt:57)
	at ListOpsKt.customFoldLeft(ListOps.kt:57)
	at ListOpsKt.customFoldLeft(ListOps.kt:57)
	at ListOpsKt.customFoldLeft(ListOps.kt:57)
	at ListOpsKt.customFoldLeft(ListOps.kt:57)
	at ListOpsKt.customFoldLeft(ListOps.kt:57)
	at ListOpsKt.customFoldLeft(ListOps.kt:57)
	at ListOpsKt.customFoldLeft(ListOps.kt:57)
	at ListOpsKt.customFoldLeft(ListOps.kt:57)
	at ListOpsKt.customFoldLeft(ListOps.kt:57)
	at ListOpsKt.customFoldLeft(ListOps.kt:57)
	at ListOpsKt.customFoldLeft(ListOps.kt:57)
	at ListOpsKt.customFoldLeft(ListOps.kt:57)
	at ListOpsKt.customFoldLeft(ListOps.kt:57)
	at ListOpsKt.customFoldLeft(ListOps.kt:57)
	at ListOpsKt.customFoldLeft(ListOps.kt:57)
	at ListOpsKt.customFoldLeft(ListOps.kt:57)
	at ListOpsKt.customFoldLeft(ListOps.kt:57)
	at ListOpsKt.customFoldLeft(ListOps.kt:57)
	at ListOpsKt.customFoldLeft(ListOps.kt:57)
	at ListOpsKt.customFoldLeft(ListOps.kt:57)
	at ListOpsKt.customFoldLeft(ListOps.kt:57)
	at ListOpsKt.customFoldLeft(ListOps.kt:57)
	at ListOpsKt.customFoldLeft(ListOps.kt:57)
	at ListOpsKt.customFoldLeft(ListOps.kt:57)
	at ListOpsKt.customFoldLeft(ListOps.kt:57)
	at ListOpsKt.customFoldLeft(ListOps.kt:57)
	at ListOpsKt.customFoldLeft(ListOps.kt:57)
	at ListOpsKt.customFoldLeft(ListOps.kt:57)
	at ListOpsKt.customFoldLeft(ListOps.kt:57)
	at ListOpsKt.customFoldLeft(ListOps.kt:57)
	at ListOpsKt.customFoldLeft(ListOps.kt:57)
	at ListOpsKt.customFoldLeft(ListOps.kt:57)
	at ListOpsKt.customFoldLeft(ListOps.kt:57)
	at ListOpsKt.customFoldLeft(ListOps.kt:57)
	at ListOpsKt.customFoldLeft(ListOps.kt:57)
	at ListOpsKt.customFoldLeft(ListOps.kt:57)
	at ListOpsKt.customFoldLeft(ListOps.kt:57)
	at ListOpsKt.customFoldLeft(ListOps.kt:57)
	at ListOpsKt.customFoldLeft(ListOps.kt:57)
	at ListOpsKt.customFoldLeft(ListOps.kt:57)
	at ListOpsKt.customFoldLeft(ListOps.kt:57)
	at ListOpsKt.customFoldLeft(ListOps.kt:57)
	at ListOpsKt.customFoldLeft(ListOps.kt:57)
	at ListOpsKt.customFoldLeft(ListOps.kt:57)
	at ListOpsKt.customFoldLeft(ListOps.kt:57)
	at ListOpsKt.customFoldLeft(ListOps.kt:57)
	at ListOpsKt.customFoldLeft(ListOps.kt:57)
	at ListOpsKt.customFoldLeft(ListOps.kt:57)
	at ListOpsKt.customFoldLeft(ListOps.kt:57)
	at ListOpsKt.customFoldLeft(ListOps.kt:57)
	at ListOpsKt.customFoldLeft(ListOps.kt:57)
	at ListOpsKt.customFoldLeft(ListOps.kt:57)
	at ListOpsKt.customFoldLeft(ListOps.kt:57)
	at ListOpsKt.customFoldLeft(ListOps.kt:57)
	at ListOpsKt.customFoldLeft(ListOps.kt:57)
	at ListOpsKt.customFoldLeft(ListOps.kt:57)
	at ListOpsKt.customFoldLeft(ListOps.kt:57)
	at ListOpsKt.customFoldLeft(ListOps.kt:57)
	at ListOpsKt.customFoldLeft(ListOps.kt:57)
	at ListOpsKt.customFoldLeft(ListOps.kt:57)
	at ListOpsKt.customFoldLeft(ListOps.kt:57)
	at ListOpsKt.customFoldLeft(ListOps.kt:57)
	at ListOpsKt.customFoldLeft(ListOps.kt:57)
	at ListOpsKt.customFoldLeft(ListOps.kt:57)
	at ListOpsKt.customFoldLeft(ListOps.kt:57)
	at ListOpsKt.customFoldLeft(ListOps.kt:57)
	at ListOpsKt.customFoldLeft(ListOps.kt:57)
	at ListOpsKt.customFoldLeft(ListOps.kt:57)
	at ListOpsKt.customFoldLeft(ListOps.kt:57)
	at ListOpsKt.customFoldLeft(ListOps.kt:57)
	at ListOpsKt.customFoldLeft(ListOps.kt:57)
	at ListOpsKt.customFoldLeft(ListOps.kt:57)
	at ListOpsKt.customFoldLeft(ListOps.kt:57)
	at ListOpsKt.customFoldLeft(ListOps.kt:57)
	at ListOpsKt.customFoldLeft(ListOps.kt:57)
	at ListOpsKt.customFoldLeft(ListOps.kt:57)
	at ListOpsKt.customFoldLeft(ListOps.kt:57)
	at ListOpsKt.customFoldLeft(ListOps.kt:57)
	at ListOpsKt.customFoldLeft(ListOps.kt:57)
	at ListOpsKt.customFoldLeft(ListOps.kt:57)
	at ListOpsKt.customFoldLeft(ListOps.kt:57)
	at ListOpsKt.customFoldLeft(ListOps.kt:57)
	at ListOpsKt.customFoldLeft(ListOps.kt:57)
	at ListOpsKt.customFoldLeft(ListOps.kt:57)
	at ListOpsKt.customFoldLeft(ListOps.kt:57)
	at ListOpsKt.customFoldLeft(ListOps.kt:57)
	at ListOpsKt.customFoldLeft(ListOps.kt:57)
	at ListOpsKt.customFoldLeft(ListOps.kt:57)
	at ListOpsKt.customFoldLeft(ListOps.kt:57)
	at ListOpsKt.customFoldLeft(ListOps.kt:57)
	at ListOpsKt.customFoldLeft(ListOps.kt:57)
	at ListOpsKt.customFoldLeft(ListOps.kt:57)
	at ListOpsKt.customFoldLeft(ListOps.kt:57)
	at ListOpsKt.customFoldLeft(ListOps.kt:57)
	at ListOpsKt.customFoldLeft(ListOps.kt:57)
	at ListOpsKt.customFoldLeft(ListOps.kt:57)
	at ListOpsKt.customFoldLeft(ListOps.kt:57)
	at ListOpsKt.customFoldLeft(ListOps.kt:57)
	at ListOpsKt.customFoldLeft(ListOps.kt:57)
	at ListOpsKt.customFoldLeft(ListOps.kt:57)
	at ListOpsKt.customFoldLeft(ListOps.kt:57)
	at ListOpsKt.customFoldLeft(ListOps.kt:57)
	at ListOpsKt.customFoldLeft(ListOps.kt:57)
	at ListOpsKt.customFoldLeft(ListOps.kt:57)
	at ListOpsKt.customFoldLeft(ListOps.kt:57)
	at ListOpsKt.customFoldLeft(ListOps.kt:57)
	at ListOpsKt.customFoldLeft(ListOps.kt:57)
	at ListOpsKt.customFoldLeft(ListOps.kt:57)
	at ListOpsKt.customFoldLeft(ListOps.kt:57)
	at ListOpsKt.customFoldLeft(ListOps.kt:57)
	at ListOpsKt.customFoldLeft(ListOps.kt:57)
	at ListOpsKt.customFoldLeft(ListOps.kt:57)
	at ListOpsKt.customFoldLeft(ListOps.kt:57)
	at ListOpsKt.customFoldLeft(ListOps.kt:57)
	at ListOpsKt.customFoldLeft(ListOps.kt:57)
	at ListOpsKt.customFoldLeft(ListOps.kt:57)
	at ListOpsKt.customFoldLeft(ListOps.kt:57)
	at ListOpsKt.customFoldLeft(ListOps.kt:57)
	at ListOpsKt.customFoldLeft(ListOps.kt:57)
	at ListOpsKt.customFoldLeft(ListOps.kt:57)
	at ListOpsKt.customFoldLeft(ListOps.kt:57)
	at ListOpsKt.customFoldLeft(ListOps.kt:57)
	at ListOpsKt.customFoldLeft(ListOps.kt:57)
	at ListOpsKt.customFoldLeft(ListOps.kt:57)
	at ListOpsKt.customFoldLeft(ListOps.kt:57)
	at ListOpsKt.customFoldLeft(ListOps.kt:57)
	at ListOpsKt.customFoldLeft(ListOps.kt:57)
	at ListOpsKt.customFoldLeft(ListOps.kt:57)
	at ListOpsKt.customFoldLeft(ListOps.kt:57)
	at ListOpsKt.customFoldLeft(ListOps.kt:57)
	at ListOpsKt.customFoldLeft(ListOps.kt:57)
	at ListOpsKt.customFoldLeft(ListOps.kt:57)
	at ListOpsKt.customFoldLeft(ListOps.kt:57)
	at ListOpsKt.customFoldLeft(ListOps.kt:57)
	at ListOpsKt.customFoldLeft(ListOps.kt:57)
	at ListOpsKt.customFoldLeft(ListOps.kt:57)
	at ListOpsKt.customFoldLeft(ListOps.kt:57)
	at ListOpsKt.customFoldLeft(ListOps.kt:57)
	at ListOpsKt.customFoldLeft(ListOps.kt:57)
	at ListOpsKt.customFoldLeft(ListOps.kt:57)
	at ListOpsKt.customFoldLeft(ListOps.kt:57)
	at ListOpsKt.customFoldLeft(ListOps.kt:57)
	at ListOpsKt.customFoldLeft(ListOps.kt:57)
	at ListOpsKt.customFoldLeft(ListOps.kt:57)
	at ListOpsKt.customFoldLeft(ListOps.kt:57)
	at ListOpsKt.customFoldLeft(ListOps.kt:57)
	at ListOpsKt.customFoldLeft(ListOps.kt:57)
	at ListOpsKt.customFoldLeft(ListOps.kt:57)
	at ListOpsKt.customFoldLeft(ListOps.kt:57)
	at ListOpsKt.customFoldLeft(ListOps.kt:57)
	at ListOpsKt.customFoldLeft(ListOps.kt:57)
	at ListOpsKt.customFoldLeft(ListOps.kt:57)
	at ListOpsKt.customFoldLeft(ListOps.kt:57)
	at ListOpsKt.customFoldLeft(ListOps.kt:57)
	at ListOpsKt.customFoldLeft(ListOps.kt:57)
	at ListOpsKt.customFoldLeft(ListOps.kt:57)
	at ListOpsKt.customFoldLeft(ListOps.kt:57)
	at ListOpsKt.customFoldLeft(ListOps.kt:57)
	at ListOpsKt.customFoldLeft(ListOps.kt:57)
	at ListOpsKt.customFoldLeft(ListOps.kt:57)
	at ListOpsKt.customFoldLeft(ListOps.kt:57)
	at ListOpsKt.customFoldLeft(ListOps.kt:57)
	at ListOpsKt.customFoldLeft(ListOps.kt:57)
	at ListOpsKt.customFoldLeft(ListOps.kt:57)
	at ListOpsKt.customFoldLeft(ListOps.kt:57)
	at ListOpsKt.customFoldLeft(ListOps.kt:57)
	at ListOpsKt.customFoldLeft(ListOps.kt:57)
	at ListOpsKt.customFoldLeft(ListOps.kt:57)
	at ListOpsKt.customFoldLeft(ListOps.kt:57)
	at ListOpsKt.customFoldLeft(ListOps.kt:57)
	at ListOpsKt.customFoldLeft(ListOps.kt:57)
	at ListOpsKt.customFoldLeft(ListOps.kt:57)
	at ListOpsKt.customFoldLeft(ListOps.kt:57)
	at ListOpsKt.customFoldLeft(ListOps.kt:57)
	at ListOpsKt.customFoldLeft(ListOps.kt:57)
	at ListOpsKt.customFoldLeft(ListOps.kt:57)
	at ListOpsKt.customFoldLeft(ListOps.kt:57)
	at ListOpsKt.customFoldLeft(ListOps.kt:57)
	at ListOpsKt.customFoldLeft(ListOps.kt:57)
	at ListOpsKt.customFoldLeft(ListOps.kt:57)
	at ListOpsKt.customFoldLeft(ListOps.kt:57)
	at ListOpsKt.customFoldLeft(ListOps.kt:57)
	at ListOpsKt.customFoldLeft(ListOps.kt:57)
	at ListOpsKt.customFoldLeft(ListOps.kt:57)
	at ListOpsKt.customFoldLeft(ListOps.kt:57)
	at ListOpsKt.customFoldLeft(ListOps.kt:57)
	at ListOpsKt.customFoldLeft(ListOps.kt:57)
	at ListOpsKt.customFoldLeft(ListOps.kt:57)
	at ListOpsKt.customFoldLeft(ListOps.kt:57)
	at ListOpsKt.customFoldLeft(ListOps.kt:57)
	at ListOpsKt.customFoldLeft(ListOps.kt:57)
	at ListOpsKt.customFoldLeft(ListOps.kt:57)
	at ListOpsKt.customFoldLeft(ListOps.kt:57)
	at ListOpsKt.customFoldLeft(ListOps.kt:57)
	at ListOpsKt.customFoldLeft(ListOps.kt:57)
	at ListOpsKt.customFoldLeft(ListOps.kt:57)
	at ListOpsKt.customFoldLeft(ListOps.kt:57)
	at ListOpsKt.customFoldLeft(ListOps.kt:57)
	at ListOpsKt.customFoldLeft(ListOps.kt:57)
	at ListOpsKt.customFoldLeft(ListOps.kt:57)
	at ListOpsKt.customFoldLeft(ListOps.kt:57)
	at ListOpsKt.customFoldLeft(ListOps.kt:57)
	at ListOpsKt.customFoldLeft(ListOps.kt:57)
	at ListOpsKt.customFoldLeft(ListOps.kt:57)
	at ListOpsKt.customFoldLeft(ListOps.kt:57)
	at ListOpsKt.customFoldLeft(ListOps.kt:57)
	at ListOpsKt.customFoldLeft(ListOps.kt:57)
	at ListOpsKt.customFoldLeft(ListOps.kt:57)
	at ListOpsKt.customFoldLeft(ListOps.kt:57)
	at ListOpsKt.customFoldLeft(ListOps.kt:57)
	at ListOpsKt.customFoldLeft(ListOps.kt:57)
	at ListOpsKt.customFoldLeft(ListOps.kt:57)
	at ListOpsKt.customFoldLeft(ListOps.kt:57)
	at ListOpsKt.customFoldLeft(ListOps.kt:57)
	at ListOpsKt.customFoldLeft(ListOps.kt:57)
	at ListOpsKt.customFoldLeft(ListOps.kt:57)
	at ListOpsKt.customFoldLeft(ListOps.kt:57)
	at ListOpsKt.customFoldLeft(ListOps.kt:57)
	at ListOpsKt.customFoldLeft(ListOps.kt:57)
	at ListOpsKt.customFoldLeft(ListOps.kt:57)
	at ListOpsKt.customFoldLeft(ListOps.kt:57)
	at ListOpsKt.customFoldLeft(ListOps.kt:57)
	at ListOpsKt.customFoldLeft(ListOps.kt:57)
	at ListOpsKt.customFoldLeft(ListOps.kt:57)
	at ListOpsKt.customFoldLeft(ListOps.kt:57)
	at ListOpsKt.customFoldLeft(ListOps.kt:57)
	at ListOpsKt.customFoldLeft(ListOps.kt:57)
	at ListOpsKt.customFoldLeft(ListOps.kt:57)
	at ListOpsKt.customFoldLeft(ListOps.kt:57)
	at ListOpsKt.customFoldLeft(ListOps.kt:57)
	at ListOpsKt.customFoldLeft(ListOps.kt:57)
	at ListOpsKt.customFoldLeft(ListOps.kt:57)
	at ListOpsKt.customFoldLeft(ListOps.kt:57)
	at ListOpsKt.customFoldLeft(ListOps.kt:57)
	at ListOpsKt.customFoldLeft(ListOps.kt:57)
	at ListOpsKt.customFoldLeft(ListOps.kt:57)
	at ListOpsKt.customFoldLeft(ListOps.kt:57)
	at ListOpsKt.customFoldLeft(ListOps.kt:57)
	at ListOpsKt.customFoldLeft(ListOps.kt:57)
	at ListOpsKt.customFoldLeft(ListOps.kt:57)
	at ListOpsKt.customFoldLeft(ListOps.kt:57)
	at ListOpsKt.customFoldLeft(ListOps.kt:57)
	at ListOpsKt.customFoldLeft(ListOps.kt:57)
	at ListOpsKt.customFoldLeft(ListOps.kt:57)
	at ListOpsKt.customFoldLeft(ListOps.kt:57)
	at ListOpsKt.customFoldLeft(ListOps.kt:57)
	at ListOpsKt.customFoldLeft(ListOps.kt:57)
	at ListOpsKt.customFoldLeft(ListOps.kt:57)
	at ListOpsKt.customFoldLeft(ListOps.kt:57)
	at ListOpsKt.customFoldLeft(ListOps.kt:57)
	at ListOpsKt.customFoldLeft(ListOps.kt:57)
	at ListOpsKt.customFoldLeft(ListOps.kt:57)
	at ListOpsKt.customFoldLeft(ListOps.kt:57)
	at ListOpsKt.customFoldLeft(ListOps.kt:57)
	at ListOpsKt.customFoldLeft(ListOps.kt:57)
	at ListOpsKt.customFoldLeft(ListOps.kt:57)
	at ListOpsKt.customFoldLeft(ListOps.kt:57)
	at ListOpsKt.customFoldLeft(ListOps.kt:57)
	at ListOpsKt.customFoldLeft(ListOps.kt:57)
	at ListOpsKt.customFoldLeft(ListOps.kt:57)
	at ListOpsKt.customFoldLeft(ListOps.kt:57)
	at ListOpsKt.customFoldLeft(ListOps.kt:57)
	at ListOpsKt.customFoldLeft(ListOps.kt:57)
	at ListOpsKt.customFoldLeft(ListOps.kt:57)
	at ListOpsKt.customFoldLeft(ListOps.kt:57)
	at ListOpsKt.customFoldLeft(ListOps.kt:57)
	at ListOpsKt.customFoldLeft(ListOps.kt:57)
	at ListOpsKt.customFoldLeft(ListOps.kt:57)
	at ListOpsKt.customFoldLeft(ListOps.kt:57)
	at ListOpsKt.customFoldLeft(ListOps.kt:57)
	at ListOpsKt.customFoldLeft(ListOps.kt:57)
	at ListOpsKt.customFoldLeft(ListOps.kt:57)
	at ListOpsKt.customFoldLeft(ListOps.kt:57)
	at ListOpsKt.customFoldLeft(ListOps.kt:57)
	at ListOpsKt.customFoldLeft(ListOps.kt:57)
	at ListOpsKt.customFoldLeft(ListOps.kt:57)
	at ListOpsKt.customFoldLeft(ListOps.kt:57)
	at ListOpsKt.customFoldLeft(ListOps.kt:57)
	at ListOpsKt.customFoldLeft(ListOps.kt:57)
	at ListOpsKt.customFoldLeft(ListOps.kt:57)
	at ListOpsKt.customFoldLeft(ListOps.kt:57)
	at ListOpsKt.customFoldLeft(ListOps.kt:57)
	at ListOpsKt.customFoldLeft(ListOps.kt:57)
	at ListOpsKt.customFoldLeft(ListOps.kt:57)
	at ListOpsKt.customFoldLeft(ListOps.kt:57)
	at ListOpsKt.customFoldLeft(ListOps.kt:57)
	at ListOpsKt.customFoldLeft(ListOps.kt:57)
	at ListOpsKt.customFoldLeft(ListOps.kt:57)
	at ListOpsKt.customFoldLeft(ListOps.kt:57)
	at ListOpsKt.customFoldLeft(ListOps.kt:57)
	at ListOpsKt.customFoldLeft(ListOps.kt:57)
	at ListOpsKt.customFoldLeft(ListOps.kt:57)
	at ListOpsKt.customFoldLeft(ListOps.kt:57)
	at ListOpsKt.customFoldLeft(ListOps.kt:57)
	at ListOpsKt.customFoldLeft(ListOps.kt:57)
	at ListOpsKt.customFoldLeft(ListOps.kt:57)
	at ListOpsKt.customFoldLeft(ListOps.kt:57)
	at ListOpsKt.customFoldLeft(ListOps.kt:57)
	at ListOpsKt.customFoldLeft(ListOps.kt:57)
	at ListOpsKt.customFoldLeft(ListOps.kt:57)
	at ListOpsKt.customFoldLeft(ListOps.kt:57)
	at ListOpsKt.customFoldLeft(ListOps.kt:57)
	at ListOpsKt.customFoldLeft(ListOps.kt:57)
	at ListOpsKt.customFoldLeft(ListOps.kt:57)
	at ListOpsKt.customFoldLeft(ListOps.kt:57)
	at ListOpsKt.customFoldLeft(ListOps.kt:57)
	at ListOpsKt.customFoldLeft(ListOps.kt:57)
	at ListOpsKt.customFoldLeft(ListOps.kt:57)
	at ListOpsKt.customFoldLeft(ListOps.kt:57)
	at ListOpsKt.customFoldLeft(ListOps.kt:57)
	at ListOpsKt.customFoldLeft(ListOps.kt:57)
	at ListOpsKt.customFoldLeft(ListOps.kt:57)
	at ListOpsKt.customFoldLeft(ListOps.kt:57)
	at ListOpsKt.customFoldLeft(ListOps.kt:57)
	at ListOpsKt.customFoldLeft(ListOps.kt:57)
	at ListOpsKt.customFoldLeft(ListOps.kt:57)
	at ListOpsKt.customFoldLeft(ListOps.kt:57)
	at ListOpsKt.customFoldLeft(ListOps.kt:57)
	at ListOpsKt.customFoldLeft(ListOps.kt:57)
	at ListOpsKt.customFoldLeft(ListOps.kt:57)
	at ListOpsKt.customFoldLeft(ListOps.kt:57)
	at ListOpsKt.customFoldLeft(ListOps.kt:57)
	at ListOpsKt.customFoldLeft(ListOps.kt:57)
	at ListOpsKt.customFoldLeft(ListOps.kt:57)
	at ListOpsKt.customFoldLeft(ListOps.kt:57)
	at ListOpsKt.customFoldLeft(ListOps.kt:57)
	at ListOpsKt.customFoldLeft(ListOps.kt:57)
	at ListOpsKt.customFoldLeft(ListOps.kt:57)
	at ListOpsKt.customFoldLeft(ListOps.kt:57)
	at ListOpsKt.customFoldLeft(ListOps.kt:57)
	at ListOpsKt.customFoldLeft(ListOps.kt:57)
	at ListOpsKt.customFoldLeft(ListOps.kt:57)
	at ListOpsKt.customFoldLeft(ListOps.kt:57)
	at ListOpsKt.customFoldLeft(ListOps.kt:57)
	at ListOpsKt.customFoldLeft(ListOps.kt:57)
	at ListOpsKt.customFoldLeft(ListOps.kt:57)
	at ListOpsKt.customFoldLeft(ListOps.kt:57)
	at ListOpsKt.customFoldLeft(ListOps.kt:57)
	at ListOpsKt.customFoldLeft(ListOps.kt:57)
	at ListOpsKt.customFoldLeft(ListOps.kt:57)
	at ListOpsKt.customFoldLeft(ListOps.kt:57)
	at ListOpsKt.customFoldLeft(ListOps.kt:57)
	at ListOpsKt.customFoldLeft(ListOps.kt:57)
	at ListOpsKt.customFoldLeft(ListOps.kt:57)
	at ListOpsKt.customFoldLeft(ListOps.kt:57)
	at ListOpsKt.customFoldLeft(ListOps.kt:57)
	at ListOpsKt.customFoldLeft(ListOps.kt:57)
	at ListOpsKt.customFoldLeft(ListOps.kt:57)
	at ListOpsKt.customFoldLeft(ListOps.kt:57)
	at ListOpsKt.customFoldLeft(ListOps.kt:57)
	at ListOpsKt.customFoldLeft(ListOps.kt:57)
	at ListOpsKt.customFoldLeft(ListOps.kt:57)
	at ListOpsKt.customFoldLeft(ListOps.kt:57)
	at ListOpsKt.customFoldLeft(ListOps.kt:57)
	at ListOpsKt.customFoldLeft(ListOps.kt:57)
	at ListOpsKt.customFoldLeft(ListOps.kt:57)
	at ListOpsKt.customFoldLeft(ListOps.kt:57)
	at ListOpsKt.customFoldLeft(ListOps.kt:57)
	at ListOpsKt.customFoldLeft(ListOps.kt:57)
	at ListOpsKt.customFoldLeft(ListOps.kt:57)
	at ListOpsKt.customFoldLeft(ListOps.kt:57)
	at ListOpsKt.customFoldLeft(ListOps.kt:57)
	at ListOpsKt.customFoldLeft(ListOps.kt:57)
	at ListOpsKt.customFoldLeft(ListOps.kt:57)
	at ListOpsKt.customFoldLeft(ListOps.kt:57)
	at ListOpsKt.customFoldLeft(ListOps.kt:57)
	at ListOpsKt.customFoldLeft(ListOps.kt:57)
	at ListOpsKt.customFoldLeft(ListOps.kt:57)
	at ListOpsKt.customFoldLeft(ListOps.kt:57)
	at ListOpsKt.customFoldLeft(ListOps.kt:57)
	at ListOpsKt.customFoldLeft(ListOps.kt:57)
	at ListOpsKt.customFoldLeft(ListOps.kt:57)
	at ListOpsKt.customFoldLeft(ListOps.kt:57)
	at ListOpsKt.customFoldLeft(ListOps.kt:57)
	at ListOpsKt.customFoldLeft(ListOps.kt:57)
	at ListOpsKt.customFoldLeft(ListOps.kt:57)
	at ListOpsKt.customFoldLeft(ListOps.kt:57)
	at ListOpsKt.customFoldLeft(ListOps.kt:57)
	at ListOpsKt.customFoldLeft(ListOps.kt:57)
	at ListOpsKt.customFoldLeft(ListOps.kt:57)
	at ListOpsKt.customFoldLeft(ListOps.kt:57)
	at ListOpsKt.customFoldLeft(ListOps.kt:57)
	at ListOpsKt.customFoldLeft(ListOps.kt:57)
	at ListOpsKt.customFoldLeft(ListOps.kt:57)
	at ListOpsKt.customFoldLeft(ListOps.kt:57)
	at ListOpsKt.customFoldLeft(ListOps.kt:57)
	at ListOpsKt.customFoldLeft(ListOps.kt:57)
	at ListOpsKt.customFoldLeft(ListOps.kt:57)
	at ListOpsKt.customFoldLeft(ListOps.kt:57)
	at ListOpsKt.customFoldLeft(ListOps.kt:57)
	at ListOpsKt.customFoldLeft(ListOps.kt:57)
	at ListOpsKt.customFoldLeft(ListOps.kt:57)
	at ListOpsKt.customFoldLeft(ListOps.kt:57)
	at ListOpsKt.customFoldLeft(ListOps.kt:57)
	at ListOpsKt.customFoldLeft(ListOps.kt:57)
	at ListOpsKt.customFoldLeft(ListOps.kt:57)
	at ListOpsKt.customFoldLeft(ListOps.kt:57)
	at ListOpsKt.customFoldLeft(ListOps.kt:57)
	at ListOpsKt.customFoldLeft(ListOps.kt:57)
	at ListOpsKt.customFoldLeft(ListOps.kt:57)
	at ListOpsKt.customFoldLeft(ListOps.kt:57)
	at ListOpsKt.customFoldLeft(ListOps.kt:57)
	at ListOpsKt.customFoldLeft(ListOps.kt:57)
	at ListOpsKt.customFoldLeft(ListOps.kt:57)
	at ListOpsKt.customFoldLeft(ListOps.kt:57)
	at ListOpsKt.customFoldLeft(ListOps.kt:57)
	at ListOpsKt.customFoldLeft(ListOps.kt:57)
	at ListOpsKt.customFoldLeft(ListOps.kt:57)
	at ListOpsKt.customFoldLeft(ListOps.kt:57)
	at ListOpsKt.customFoldLeft(ListOps.kt:57)
	at ListOpsKt.customFoldLeft(ListOps.kt:57)
	at ListOpsKt.customFoldLeft(ListOps.kt:57)
	at ListOpsKt.customFoldLeft(ListOps.kt:57)
	at ListOpsKt.customFoldLeft(ListOps.kt:57)
	at ListOpsKt.customFoldLeft(ListOps.kt:57)
	at ListOpsKt.customFoldLeft(ListOps.kt:57)
	at ListOpsKt.customFoldLeft(ListOps.kt:57)
	at ListOpsKt.customFoldLeft(ListOps.kt:57)
	at ListOpsKt.customFoldLeft(ListOps.kt:57)
	at ListOpsKt.customFoldLeft(ListOps.kt:57)
	at ListOpsKt.customFoldLeft(ListOps.kt:57)
	at ListOpsKt.customFoldLeft(ListOps.kt:57)
	at ListOpsKt.customFoldLeft(ListOps.kt:57)
	at ListOpsKt.customFoldLeft(ListOps.kt:57)
	at ListOpsKt.customFoldLeft(ListOps.kt:57)
	at ListOpsKt.customFoldLeft(ListOps.kt:57)
	at ListOpsKt.customFoldLeft(ListOps.kt:57)
	at ListOpsKt.customFoldLeft(ListOps.kt:57)
	at ListOpsKt.customFoldLeft(ListOps.kt:57)
	at ListOpsKt.customFoldLeft(ListOps.kt:57)
	at ListOpsKt.customFoldLeft(ListOps.kt:57)
	at ListOpsKt.customFoldLeft(ListOps.kt:57)
	at ListOpsKt.customFoldLeft(ListOps.kt:57)
	at ListOpsKt.customFoldLeft(ListOps.kt:57)
	at ListOpsKt.customFoldLeft(ListOps.kt:57)
	at ListOpsKt.customFoldLeft(ListOps.kt:57)
	at ListOpsKt.customFoldLeft(ListOps.kt:57)
	at ListOpsKt.customFoldLeft(ListOps.kt:57)
	at ListOpsKt.customFoldLeft(ListOps.kt:57)
	at ListOpsKt.customFoldLeft(ListOps.kt:57)
	at ListOpsKt.customFoldLeft(ListOps.kt:57)
	at ListOpsKt.customFoldLeft(ListOps.kt:57)
	at ListOpsKt.customFoldLeft(ListOps.kt:57)
	at ListOpsKt.customFoldLeft(ListOps.kt:57)
	at ListOpsKt.customFoldLeft(ListOps.kt:57)
	at ListOpsKt.customFoldLeft(ListOps.kt:57)
	at ListOpsKt.customFoldLeft(ListOps.kt:57)
	at ListOpsKt.customFoldLeft(ListOps.kt:57)
	at ListOpsKt.customFoldLeft(ListOps.kt:57)
	at ListOpsKt.customFoldLeft(ListOps.kt:57)
	at ListOpsKt.customFoldLeft(ListOps.kt:57)
	at ListOpsKt.customFoldLeft(ListOps.kt:57)
	at ListOpsKt.customFoldLeft(ListOps.kt:57)
	at ListOpsKt.customFoldLeft(ListOps.kt:57)
	at ListOpsKt.customFoldLeft(ListOps.kt:57)
	at ListOpsKt.customFoldLeft(ListOps.kt:57)
	at ListOpsKt.customFoldLeft(ListOps.kt:57)
	at ListOpsKt.customFoldLeft(ListOps.kt:57)
	at ListOpsKt.customFoldLeft(ListOps.kt:57)
	at ListOpsKt.customFoldLeft(ListOps.kt:57)
	at ListOpsKt.customFoldLeft(ListOps.kt:57)
	at ListOpsKt.customFoldLeft(ListOps.kt:57)
	at ListOpsKt.customFoldLeft(ListOps.kt:57)
	at ListOpsKt.customFoldLeft(ListOps.kt:57)
	at ListOpsKt.customFoldLeft(ListOps.kt:57)
	at ListOpsKt.customFoldLeft(ListOps.kt:57)
	at ListOpsKt.customFoldLeft(ListOps.kt:57)
	at ListOpsKt.customFoldLeft(ListOps.kt:57)
	at ListOpsKt.customFoldLeft(ListOps.kt:57)
	at ListOpsKt.customFoldLeft(ListOps.kt:57)
	at ListOpsKt.customFoldLeft(ListOps.kt:57)
	at ListOpsKt.customFoldLeft(ListOps.kt:57)
	at ListOpsKt.customFoldLeft(ListOps.kt:57)
	at ListOpsKt.customFoldLeft(ListOps.kt:57)
	at ListOpsKt.customFoldLeft(ListOps.kt:57)
	at ListOpsKt.customFoldLeft(ListOps.kt:57)
	at ListOpsKt.customFoldLeft(ListOps.kt:57)
	at ListOpsKt.customFoldLeft(ListOps.kt:57)
	at ListOpsKt.customFoldLeft(ListOps.kt:57)
	at ListOpsKt.customFoldLeft(ListOps.kt:57)
	at ListOpsKt.customFoldLeft(ListOps.kt:57)
	at ListOpsKt.customFoldLeft(ListOps.kt:57)
	at ListOpsKt.customFoldLeft(ListOps.kt:57)
	at ListOpsKt.customFoldLeft(ListOps.kt:57)
	at ListOpsKt.customFoldLeft(ListOps.kt:57)
	at ListOpsKt.customFoldLeft(ListOps.kt:57)
	at ListOpsKt.customFoldLeft(ListOps.kt:57)
	at ListOpsKt.customFoldLeft(ListOps.kt:57)
	at ListOpsKt.customFoldLeft(ListOps.kt:57)
	at ListOpsKt.customFoldLeft(ListOps.kt:57)
	at ListOpsKt.customFoldLeft(ListOps.kt:57)
	at ListOpsKt.customFoldLeft(ListOps.kt:57)
	at ListOpsKt.customFoldLeft(ListOps.kt:57)
	at ListOpsKt.customFoldLeft(ListOps.kt:57)
	at ListOpsKt.customFoldLeft(ListOps.kt:57)
	at ListOpsKt.customFoldLeft(ListOps.kt:57)
	at ListOpsKt.customFoldLeft(ListOps.kt:57)
	at ListOpsKt.customFoldLeft(ListOps.kt:57)
	at ListOpsKt.customFoldLeft(ListOps.kt:57)
	at ListOpsKt.customFoldLeft(ListOps.kt:57)
	at ListOpsKt.customFoldLeft(ListOps.kt:57)
	at ListOpsKt.customFoldLeft(ListOps.kt:57)
	at ListOpsKt.customFoldLeft(ListOps.kt:57)
	at ListOpsKt.customFoldLeft(ListOps.kt:57)
	at ListOpsKt.customFoldLeft(ListOps.kt:57)
	at ListOpsKt.customFoldLeft(ListOps.kt:57)
	at ListOpsKt.customFoldLeft(ListOps.kt:57)
	at ListOpsKt.customFoldLeft(ListOps.kt:57)
	at ListOpsKt.customFoldLeft(ListOps.kt:57)
	at ListOpsKt.customFoldLeft(ListOps.kt:57)
	at ListOpsKt.customFoldLeft(ListOps.kt:57)
	at ListOpsKt.customFoldLeft(ListOps.kt:57)
	at ListOpsKt.customFoldLeft(ListOps.kt:57)
	at ListOpsKt.customFoldLeft(ListOps.kt:57)
	at ListOpsKt.customFoldLeft(ListOps.kt:57)
	at ListOpsKt.customFoldLeft(ListOps.kt:57)
	at ListOpsKt.customFoldLeft(ListOps.kt:57)
	at ListOpsKt.customFoldLeft(ListOps.kt:57)
	at ListOpsKt.customFoldLeft(ListOps.kt:57)
	at ListOpsKt.customFoldLeft(ListOps.kt:57)
	at ListOpsKt.customFoldLeft(ListOps.kt:57)
	at ListOpsKt.customFoldLeft(ListOps.kt:57)
	at ListOpsKt.customFoldLeft(ListOps.kt:57)
	at ListOpsKt.customFoldLeft(ListOps.kt:57)
	at ListOpsKt.customFoldLeft(ListOps.kt:57)
	at ListOpsKt.customFoldLeft(ListOps.kt:57)
	at ListOpsKt.customFoldLeft(ListOps.kt:57)
	at ListOpsKt.customFoldLeft(ListOps.kt:57)
	at ListOpsKt.customFoldLeft(ListOps.kt:57)
	at ListOpsKt.customFoldLeft(ListOps.kt:57)
	at ListOpsKt.customFoldLeft(ListOps.kt:57)
	at ListOpsKt.customFoldLeft(ListOps.kt:57)
	at ListOpsKt.customFoldLeft(ListOps.kt:57)
	at ListOpsKt.customFoldLeft(ListOps.kt:57)
	at ListOpsKt.customFoldLeft(ListOps.kt:57)
	at ListOpsKt.customFoldLeft(ListOps.kt:57)
	at ListOpsKt.customFoldLeft(ListOps.kt:57)
	at ListOpsKt.customFoldLeft(ListOps.kt:57)
	at ListOpsKt.customFoldLeft(ListOps.kt:57)
	at ListOpsKt.customFoldLeft(ListOps.kt:57)
	at ListOpsKt.customFoldLeft(ListOps.kt:57)
	at ListOpsKt.customFoldLeft(ListOps.kt:57)
	at ListOpsKt.customFoldLeft(ListOps.kt:57)
	at ListOpsKt.customFoldLeft(ListOps.kt:57)
	at ListOpsKt.customFoldLeft(ListOps.kt:57)
	at ListOpsKt.customFoldLeft(ListOps.kt:57)
	at ListOpsKt.customFoldLeft(ListOps.kt:57)
	at ListOpsKt.customFoldLeft(ListOps.kt:57)
	at ListOpsKt.customFoldLeft(ListOps.kt:57)
	at ListOpsKt.customFoldLeft(ListOps.kt:57)
	at ListOpsKt.customFoldLeft(ListOps.kt:57)
	at ListOpsKt.customFoldLeft(ListOps.kt:57)
	at ListOpsKt.customFoldLeft(ListOps.kt:57)
	at ListOpsKt.customFoldLeft(ListOps.kt:57)
	at ListOpsKt.customFoldLeft(ListOps.kt:57)
	at ListOpsKt.customFoldLeft(ListOps.kt:57)
	at ListOpsKt.customFoldLeft(ListOps.kt:57)
	at ListOpsKt.customFoldLeft(ListOps.kt:57)
	at ListOpsKt.customFoldLeft(ListOps.kt:57)
	at ListOpsKt.customFoldLeft(ListOps.kt:57)
	at ListOpsKt.customFoldLeft(ListOps.kt:57)
	at ListOpsKt.customFoldLeft(ListOps.kt:57)
	at ListOpsKt.customFoldLeft(ListOps.kt:57)
	at ListOpsKt.customFoldLeft(ListOps.kt:57)
	at ListOpsKt.customFoldLeft(ListOps.kt:57)
	at ListOpsKt.customFoldLeft(ListOps.kt:57)
	at ListOpsKt.customFoldLeft(ListOps.kt:57)
	at ListOpsKt.customFoldLeft(ListOps.kt:57)
	at ListOpsKt.customFoldLeft(ListOps.kt:57)
	at ListOpsKt.customFoldLeft(ListOps.kt:57)
	at ListOpsKt.customFoldLeft(ListOps.kt:57)
	at ListOpsKt.customFoldLeft(ListOps.kt:57)
	at ListOpsKt.customFoldLeft(ListOps.kt:57)
	at ListOpsKt.customFoldLeft(ListOps.kt:57)
	at ListOpsKt.customFoldLeft(ListOps.kt:57)
	at ListOpsKt.customFoldLeft(ListOps.kt:57)
	at ListOpsKt.customFoldLeft(ListOps.kt:57)
	at ListOpsKt.customFoldLeft(ListOps.kt:57)
	at ListOpsKt.customFoldLeft(ListOps.kt:57)
	at ListOpsKt.customFoldLeft(ListOps.kt:57)
	at ListOpsKt.customFoldLeft(ListOps.kt:57)
	at ListOpsKt.customFoldLeft(ListOps.kt:57)
	at ListOpsKt.customFoldLeft(ListOps.kt:57)
	at ListOpsKt.customFoldLeft(ListOps.kt:57)
	at ListOpsKt.customFoldLeft(ListOps.kt:57)
	at ListOpsKt.customFoldLeft(ListOps.kt:57)
	at ListOpsKt.customFoldLeft(ListOps.kt:57)
	at ListOpsKt.customFoldLeft(ListOps.kt:57)
	at ListOpsKt.customFoldLeft(ListOps.kt:57)
	at ListOpsKt.customFoldLeft(ListOps.kt:57)
	at ListOpsKt.customFoldLeft(ListOps.kt:57)
	at ListOpsKt.customFoldLeft(ListOps.kt:57)
	at ListOpsKt.customFoldLeft(ListOps.kt:57)
	at ListOpsKt.customFoldLeft(ListOps.kt:57)
	at ListOpsKt.customFoldLeft(ListOps.kt:57)
	at ListOpsKt.customFoldLeft(ListOps.kt:57)
	at ListOpsKt.customFoldLeft(ListOps.kt:57)
	at ListOpsKt.customFoldLeft(ListOps.kt:57)
	at ListOpsKt.customFoldLeft(ListOps.kt:57)
	at ListOpsKt.customFoldLeft(ListOps.kt:57)
	at ListOpsKt.customFoldLeft(ListOps.kt:57)
	at ListOpsKt.customFoldLeft(ListOps.kt:57)
	at ListOpsKt.customFoldLeft(ListOps.kt:57)
	at ListOpsKt.customFoldLeft(ListOps.kt:57)
	at ListOpsKt.customFoldLeft(ListOps.kt:57)
	at ListOpsKt.customFoldLeft(ListOps.kt:57)
	at ListOpsKt.customFoldLeft(ListOps.kt:57)
	at ListOpsKt.customFoldLeft(ListOps.kt:57)
	at ListOpsKt.customFoldLeft(ListOps.kt:57)
	at ListOpsKt.customFoldLeft(ListOps.kt:57)
	at ListOpsKt.customFoldLeft(ListOps.kt:57)
	at ListOpsKt.customFoldLeft(ListOps.kt:57)
	at ListOpsKt.customFoldLeft(ListOps.kt:57)
	at ListOpsKt.customFoldLeft(ListOps.kt:57)
	at ListOpsKt.customFoldLeft(ListOps.kt:57)
	at ListOpsKt.customFoldLeft(ListOps.kt:57)
	at ListOpsKt.customFoldLeft(ListOps.kt:57)
	at ListOpsKt.customFoldLeft(ListOps.kt:57)
	at ListOpsKt.customFoldLeft(ListOps.kt:57)
	at ListOpsKt.customFoldLeft(ListOps.kt:57)
	at ListOpsKt.customFoldLeft(ListOps.kt:57)
	at ListOpsKt.customFoldLeft(ListOps.kt:57)
	at ListOpsKt.customFoldLeft(ListOps.kt:57)
	at ListOpsKt.customFoldLeft(ListOps.kt:57)
	at ListOpsKt.customFoldLeft(ListOps.kt:57)
	at ListOpsKt.customFoldLeft(ListOps.kt:57)
	at ListOpsKt.customFoldLeft(ListOps.kt:57)
	at ListOpsKt.customFoldLeft(ListOps.kt:57)
	at ListOpsKt.customFoldLeft(ListOps.kt:57)
	at ListOpsKt.customFoldLeft(ListOps.kt:57)
	at ListOpsKt.customFoldLeft(ListOps.kt:57)
	at ListOpsKt.customFoldLeft(ListOps.kt:57)
	at ListOpsKt.customFoldLeft(ListOps.kt:57)
	at ListOpsKt.customFoldLeft(ListOps.kt:57)
	at ListOpsKt.customFoldLeft(ListOps.kt:57)
	at ListOpsKt.customFoldLeft(ListOps.kt:57)
	at ListOpsKt.customFoldLeft(ListOps.kt:57)
	at ListOpsKt.customFoldLeft(ListOps.kt:57)
	at ListOpsKt.customFoldLeft(ListOps.kt:57)
	at ListOpsKt.customFoldLeft(ListOps.kt:57)
	at ListOpsKt.customFoldLeft(ListOps.kt:57)
	at ListOpsKt.customFoldLeft(ListOps.kt:57)
	at ListOpsKt.customFoldLeft(ListOps.kt:57)
	at ListOpsKt.customFoldLeft(ListOps.kt:57)
	at ListOpsKt.customFoldLeft(ListOps.kt:57)
	at ListOpsKt.customFoldLeft(ListOps.kt:57)
	at ListOpsKt.customFoldLeft(ListOps.kt:57)
	at ListOpsKt.customFoldLeft(ListOps.kt:57)
	at ListOpsKt.customFoldLeft(ListOps.kt:57)
	at ListOpsKt.customFoldLeft(ListOps.kt:57)
	at ListOpsKt.customFoldLeft(ListOps.kt:57)
	at ListOpsKt.customFoldLeft(ListOps.kt:57)
	at ListOpsKt.customFoldLeft(ListOps.kt:57)
	at ListOpsKt.customFoldLeft(ListOps.kt:57)
	at ListOpsKt.customFoldLeft(ListOps.kt:57)
	at ListOpsKt.customFoldLeft(ListOps.kt:57)
	at ListOpsKt.customFoldLeft(ListOps.kt:57)
	at ListOpsKt.customFoldLeft(ListOps.kt:57)
	at ListOpsKt.customFoldLeft(ListOps.kt:57)
	at ListOpsKt.customFoldLeft(ListOps.kt:57)
	at ListOpsKt.customFoldLeft(ListOps.kt:57)
	at ListOpsKt.customFoldLeft(ListOps.kt:57)
	at ListOpsKt.customFoldLeft(ListOps.kt:57)
	at ListOpsKt.customFoldLeft(ListOps.kt:57)
	at ListOpsKt.customFoldLeft(ListOps.kt:57)
	at ListOpsKt.customFoldLeft(ListOps.kt:57)
	at ListOpsKt.customFoldLeft(ListOps.kt:57)
	at ListOpsKt.customFoldLeft(ListOps.kt:57)
	at ListOpsKt.customFoldLeft(ListOps.kt:57)
	at ListOpsKt.customFoldLeft(ListOps.kt:57)
	at ListOpsKt.customFoldLeft(ListOps.kt:57)
	at ListOpsKt.customFoldLeft(ListOps.kt:57)
	at ListOpsKt.customFoldLeft(ListOps.kt:57)
	at ListOpsKt.customFoldLeft(ListOps.kt:57)
	at ListOpsKt.customFoldLeft(ListOps.kt:57)
	at ListOpsKt.customFoldLeft(ListOps.kt:57)
	at ListOpsKt.customFoldLeft(ListOps.kt:57)
	at ListOpsKt.customFoldLeft(ListOps.kt:57)
	at ListOpsKt.customFoldLeft(ListOps.kt:57)
	at ListOpsKt.customFoldLeft(ListOps.kt:57)
	at ListOpsKt.customFoldLeft(ListOps.kt:57)
	at ListOpsKt.customFoldLeft(ListOps.kt:57)
	at ListOpsKt.customFoldLeft(ListOps.kt:57)
	at ListOpsKt.customFoldLeft(ListOps.kt:57)
	at ListOpsKt.customFoldLeft(ListOps.kt:57)
	at ListOpsKt.customFoldLeft(ListOps.kt:57)
	at ListOpsKt.customFoldLeft(ListOps.kt:57)
	at ListOpsKt.customFoldLeft(ListOps.kt:57)
	at ListOpsKt.customFoldLeft(ListOps.kt:57)
	at ListOpsKt.customFoldLeft(ListOps.kt:57)
	at ListOpsKt.customFoldLeft(ListOps.kt:57)
	at ListOpsKt.customFoldLeft(ListOps.kt:57)
	at ListOpsKt.customFoldLeft(ListOps.kt:57)
	at ListOpsKt.customFoldLeft(ListOps.kt:57)
	at ListOpsKt.customFoldLeft(ListOps.kt:57)
	at ListOpsKt.customFoldLeft(ListOps.kt:57)
	at ListOpsKt.customFoldLeft(ListOps.kt:57)
	at ListOpsKt.customFoldLeft(ListOps.kt:57)
	at ListOpsKt.customFoldLeft(ListOps.kt:57)
	at ListOpsKt.customFoldLeft(ListOps.kt:57)
	at ListOpsKt.customFoldLeft(ListOps.kt:57)
	at ListOpsKt.customFoldLeft(ListOps.kt:57)
	at ListOpsKt.customFoldLeft(ListOps.kt:57)
	at ListOpsKt.customFoldLeft(ListOps.kt:57)
	at ListOpsKt.customFoldLeft(ListOps.kt:57)
	at ListOpsKt.customFoldLeft(ListOps.kt:57)
	at ListOpsKt.customFoldLeft(ListOps.kt:57)
	at ListOpsKt.customFoldLeft(ListOps.kt:57)
	at ListOpsKt.customFoldLeft(ListOps.kt:57)
	at ListOpsKt.customFoldLeft(ListOps.kt:57)
	at ListOpsKt.customFoldLeft(ListOps.kt:57)
	at ListOpsKt.customFoldLeft(ListOps.kt:57)
	at ListOpsKt.customFoldLeft(ListOps.kt:57)
	at ListOpsKt.customFoldLeft(ListOps.kt:57)
	at ListOpsKt.customFoldLeft(ListOps.kt:57)
	at ListOpsKt.customFoldLeft(ListOps.kt:57)
	at ListOpsKt.customFoldLeft(ListOps.kt:57)
	at ListOpsKt.customFoldLeft(ListOps.kt:57)
	at ListOpsKt.customFoldLeft(ListOps.kt:57)
	at ListOpsKt.customFoldLeft(ListOps.kt:57)
	at ListOpsKt.customFoldLeft(ListOps.kt:57)
	at ListOpsKt.customFoldLeft(ListOps.kt:57)
	at ListOpsKt.customFoldLeft(ListOps.kt:57)
	at ListOpsKt.customFoldLeft(ListOps.kt:57)
	at ListOpsKt.customFoldLeft(ListOps.kt:57)
	at ListOpsKt.customFoldLeft(ListOps.kt:57)
	at ListOpsKt.customFoldLeft(ListOps.kt:57)
	at ListOpsKt.customFoldLeft(ListOps.kt:57)
	at ListOpsKt.customFoldLeft(ListOps.kt:57)
	at ListOpsKt.customFoldLeft(ListOps.kt:57)
	at ListOpsKt.customFoldLeft(ListOps.kt:57)
	at ListOpsKt.customFoldLeft(ListOps.kt:57)
	at ListOpsKt.customFoldLeft(ListOps.kt:57)
	at ListOpsKt.customFoldLeft(ListOps.kt:57)
	at ListOpsKt.customFoldLeft(ListOps.kt:57)
	at ListOpsKt.customFoldLeft(ListOps.kt:57)
	at ListOpsKt.customFoldLeft(ListOps.kt:57)
	at ListOpsKt.customFoldLeft(ListOps.kt:57)
	at ListOpsKt.customFoldLeft(ListOps.kt:57)
	at ListOpsKt.customFoldLeft(ListOps.kt:57)
	at ListOpsKt.customFoldLeft(ListOps.kt:57)
	at ListOpsKt.customFoldLeft(ListOps.kt:57)
	at ListOpsKt.customFoldLeft(ListOps.kt:57)
	at ListOpsKt.customFoldLeft(ListOps.kt:57)
	at ListOpsKt.customFoldLeft(ListOps.kt:57)
	at ListOpsKt.customFoldLeft(ListOps.kt:57)
	at ListOpsKt.customFoldLeft(ListOps.kt:57)
	at ListOpsKt.customFoldLeft(ListOps.kt:57)
	at ListOpsKt.customFoldLeft(ListOps.kt:57)
	at ListOpsKt.customFoldLeft(ListOps.kt:57)
	at ListOpsKt.customFoldLeft(ListOps.kt:57)
	at ListOpsKt.customFoldLeft(ListOps.kt:57)
	at ListOpsKt.customFoldLeft(ListOps.kt:57)
	at ListOpsKt.customFoldLeft(ListOps.kt:57)
	at ListOpsKt.customFoldLeft(ListOps.kt:57)
	at ListOpsKt.customFoldLeft(ListOps.kt:57)
	at ListOpsKt.customFoldLeft(ListOps.kt:57)
	at ListOpsKt.customFoldLeft(ListOps.kt:57)
	at ListOpsKt.customFoldLeft(ListOps.kt:57)
	at ListOpsKt.customFoldLeft(ListOps.kt:57)
	at ListOpsKt.customFoldLeft(ListOps.kt:57)
	at ListOpsKt.customFoldLeft(ListOps.kt:57)
	at ListOpsKt.customFoldLeft(ListOps.kt:57)
	at ListOpsKt.customFoldLeft(ListOps.kt:57)
	at ListOpsKt.customFoldLeft(ListOps.kt:57)
	at ListOpsKt.customFoldLeft(ListOps.kt:57)
	at ListOpsKt.customFoldLeft(ListOps.kt:57)
	at ListOpsKt.customFoldLeft(ListOps.kt:57)
	at ListOpsKt.customFoldLeft(ListOps.kt:57)
	at ListOpsKt.customFoldLeft(ListOps.kt:57)
	at ListOpsKt.customFoldLeft(ListOps.kt:57)
	at ListOpsKt.customFoldLeft(ListOps.kt:57)
	at ListOpsKt.customFoldLeft(ListOps.kt:57)
	at ListOpsKt.customFoldLeft(ListOps.kt:57)
	at ListOpsKt.customFoldLeft(ListOps.kt:57)
	at ListOpsKt.customFoldLeft(ListOps.kt:57)
	at ListOpsKt.customFoldLeft(ListOps.kt:57)
	at ListOpsKt.customFoldLeft(ListOps.kt:57)
	at ListOpsKt.customFoldLeft(ListOps.kt:57)
	at ListOpsKt.customFoldLeft(ListOps.kt:57)
	at ListOpsKt.customFoldLeft(ListOps.kt:57)
	at ListOpsKt.customFoldLeft(ListOps.kt:57)
	at ListOpsKt.customFoldLeft(ListOps.kt:57)
	at ListOpsKt.customFoldLeft(ListOps.kt:57)
	at ListOpsKt.customFoldLeft(ListOps.kt:57)
	at ListOpsKt.customFoldLeft(ListOps.kt:57)
	at ListOpsKt.customFoldLeft(ListOps.kt:57)
	at ListOpsKt.customFoldLeft(ListOps.kt:57)
	at ListOpsKt.customFoldLeft(ListOps.kt:57)
	at ListOpsKt.customFoldLeft(ListOps.kt:57)
	at ListOpsKt.customFoldLeft(ListOps.kt:57)
	at ListOpsKt.customFoldLeft(ListOps.kt:57)
	at ListOpsKt.customFoldLeft(ListOps.kt:57)
	at ListOpsKt.customFoldLeft(ListOps.kt:57)
	at ListOpsKt.customFoldLeft(ListOps.kt:57)
	at ListOpsKt.customFoldLeft(ListOps.kt:57)
	at ListOpsKt.customFoldLeft(ListOps.kt:57)
	at ListOpsKt.customFoldLeft(ListOps.kt:57)
	at ListOpsKt.customFoldLeft(ListOps.kt:57)
	at ListOpsKt.customFoldLeft(ListOps.kt:57)
	at ListOpsKt.customFoldLeft(ListOps.kt:57)
	at ListOpsKt.customFoldLeft(ListOps.kt:57)
	at ListOpsKt.customFoldLeft(ListOps.kt:57)
	at ListOpsKt.customFoldLeft(ListOps.kt:57)
	at ListOpsKt.customFoldLeft(ListOps.kt:57)
	at ListOpsKt.customFoldLeft(ListOps.kt:57)
	at ListOpsKt.customFoldLeft(ListOps.kt:57)
	at ListOpsKt.customFoldLeft(ListOps.kt:57)
	at ListOpsKt.customFoldLeft(ListOps.kt:57)
	at ListOpsKt.customFoldLeft(ListOps.kt:57)
	at ListOpsKt.customFoldLeft(ListOps.kt:57)
	at ListOpsKt.customFoldLeft(ListOps.kt:57)
	at ListOpsKt.customFoldLeft(ListOps.kt:57)
	at ListOpsKt.customFoldLeft(ListOps.kt:57)
	at ListOpsKt.customFoldLeft(ListOps.kt:57)
	at ListOpsKt.customFoldLeft(ListOps.kt:57)
	at ListOpsKt.customFoldLeft(ListOps.kt:57)
	at ListOpsKt.customFoldLeft(ListOps.kt:57)
	at ListOpsKt.customFoldLeft(ListOps.kt:57)
	at ListOpsKt.customFoldLeft(ListOps.kt:57)
	at ListOpsKt.customFoldLeft(ListOps.kt:57)
	at ListOpsKt.customFoldLeft(ListOps.kt:57)
	at ListOpsKt.customFoldLeft(ListOps.kt:57)
	at ListOpsKt.customFoldLeft(ListOps.kt:57)
	at ListOpsKt.customFoldLeft(ListOps.kt:57)
	at ListOpsKt.customFoldLeft(ListOps.kt:57)
	at ListOpsKt.customFoldLeft(ListOps.kt:57)
	at ListOpsKt.customFoldLeft(ListOps.kt:57)
	at ListOpsKt.customFoldLeft(ListOps.kt:57)
	at ListOpsKt.customFoldLeft(ListOps.kt:57)
	at ListOpsKt.customFoldLeft(ListOps.kt:57)
	at ListOpsKt.customFoldLeft(ListOps.kt:57)
	at ListOpsKt.customFoldLeft(ListOps.kt:57)
	at ListOpsKt.customFoldLeft(ListOps.kt:57)
	at ListOpsKt.customFoldLeft(ListOps.kt:57)
	at ListOpsKt.customFoldLeft(ListOps.kt:57)
	at ListOpsKt.customFoldLeft(ListOps.kt:57)
	at ListOpsKt.customFoldLeft(ListOps.kt:57)
	at ListOpsKt.customFoldLeft(ListOps.kt:57)
	at ListOpsKt.customFoldLeft(ListOps.kt:57)
	at ListOpsKt.customFoldLeft(ListOps.kt:57)
	at ListOpsKt.customFoldLeft(ListOps.kt:57)
	at ListOpsKt.customFoldLeft(ListOps.kt:57)
	at ListOpsKt.customFoldLeft(ListOps.kt:57)
	at ListOpsKt.customFoldLeft(ListOps.kt:57)
	at ListOpsKt.customFoldLeft(ListOps.kt:57)
	at ListOpsKt.customFoldLeft(ListOps.kt:57)
	at ListOpsKt.customFoldLeft(ListOps.kt:57)
	at ListOpsKt.customFoldLeft(ListOps.kt:57)
	at ListOpsKt.customFoldLeft(ListOps.kt:57)
	at ListOpsKt.customFoldLeft(ListOps.kt:57)
	at ListOpsKt.customFoldLeft(ListOps.kt:57)
	at ListOpsKt.customFoldLeft(ListOps.kt:57)
	at ListOpsKt.customFoldLeft(ListOps.kt:57)
	at ListOpsKt.customFoldLeft(ListOps.kt:57)
	at ListOpsKt.customFoldLeft(ListOps.kt:57)
	at ListOpsKt.customFoldLeft(ListOps.kt:57)
	at ListOpsKt.customFoldLeft(ListOps.kt:57)
	at ListOpsKt.customFoldLeft(ListOps.kt:57)
	at ListOpsKt.customFoldLeft(ListOps.kt:57)
	at ListOpsKt.customFoldLeft(ListOps.kt:57)
	at ListOpsKt.customFoldLeft(ListOps.kt:57)
	at ListOpsKt.customFoldLeft(ListOps.kt:57)
	at ListOpsKt.customFoldLeft(ListOps.kt:57)
	at ListOpsKt.customFoldLeft(ListOps.kt:57)
	at ListOpsKt.customFoldLeft(ListOps.kt:57)
	at ListOpsKt.customFoldLeft(ListOps.kt:57)
	at ListOpsKt.customFoldLeft(ListOps.kt:57)
	at ListOpsKt.customFoldLeft(ListOps.kt:57)
	at ListOpsKt.customFoldLeft(ListOps.kt:57)
	at ListOpsKt.customFoldLeft(ListOps.kt:57)
	at ListOpsKt.customFoldLeft(ListOps.kt:57)
	at ListOpsKt.customFoldLeft(ListOps.kt:57)
	at ListOpsKt.customFoldLeft(ListOps.kt:57)
	at ListOpsKt.customFoldLeft(ListOps.kt:57)
	at ListOpsKt.customFoldLeft(ListOps.kt:57)
	at ListOpsKt.customFoldLeft(ListOps.kt:57)
	at ListOpsKt.customFoldLeft(ListOps.kt:57)
	at ListOpsKt.customFoldLeft(ListOps.kt:57)
	at ListOpsKt.customFoldLeft(ListOps.kt:57)
	at ListOpsKt.customFoldLeft(ListOps.kt:57)
	at ListOpsKt.customFoldLeft(ListOps.kt:57)
	at ListOpsKt.customFoldLeft(ListOps.kt:57)
	at ListOpsKt.customFoldLeft(ListOps.kt:57)
	at ListOpsKt.customFoldLeft(ListOps.kt:57)
	at ListOpsKt.customFoldLeft(ListOps.kt:57)
	at ListOpsKt.customFoldLeft(ListOps.kt:57)
	at ListOpsKt.customFoldLeft(ListOps.kt:57)
	at ListOpsKt.customFoldLeft(ListOps.kt:57)
	at ListOpsKt.customFoldLeft(ListOps.kt:57)
	at ListOpsKt.customFoldLeft(ListOps.kt:57)
	at ListOpsKt.customFoldLeft(ListOps.kt:57)
	at ListOpsKt.customFoldLeft(ListOps.kt:57)
	at ListOpsKt.customFoldLeft(ListOps.kt:57)
	at ListOpsKt.customFoldLeft(ListOps.kt:57)
	at ListOpsKt.customFoldLeft(ListOps.kt:57)
	at ListOpsKt.customFoldLeft(ListOps.kt:57)
	at ListOpsKt.customFoldLeft(ListOps.kt:57)
	at ListOpsKt.customFoldLeft(ListOps.kt:57)
	at ListOpsKt.customFoldLeft(ListOps.kt:57)
	at ListOpsKt.customFoldLeft(ListOps.kt:57)
	at ListOpsKt.customFoldLeft(ListOps.kt:57)
	at ListOpsKt.customFoldLeft(ListOps.kt:57)
	at ListOpsKt.customFoldLeft(ListOps.kt:57)
	at ListOpsKt.customFoldLeft(ListOps.kt:57)
	at ListOpsKt.customFoldLeft(ListOps.kt:57)
	at ListOpsKt.customFoldLeft(ListOps.kt:57)
	at ListOpsKt.customFoldLeft(ListOps.kt:57)
	at ListOpsKt.customFoldLeft(ListOps.kt:57)
	at ListOpsKt.customFoldLeft(ListOps.kt:57)
	at ListOpsKt.customFoldLeft(ListOps.kt:57)
	at ListOpsKt.customFoldLeft(ListOps.kt:57)
	at ListOpsKt.customFoldLeft(ListOps.kt:57)
	at ListOpsKt.customFoldLeft(ListOps.kt:57)
	at ListOpsKt.customFoldLeft(ListOps.kt:57)
	at ListOpsKt.customFoldLeft(ListOps.kt:57)
	at ListOpsKt.customFoldLeft(ListOps.kt:57)
	at ListOpsKt.customFoldLeft(ListOps.kt:57)
	at ListOpsKt.customFoldLeft(ListOps.kt:57)
	at ListOpsKt.customFoldLeft(ListOps.kt:57)
	at ListOpsKt.customFoldLeft(ListOps.kt:57)
	at ListOpsKt.customFoldLeft(ListOps.kt:57)
	at ListOpsKt.customFoldLeft(ListOps.kt:57)
	at ListOpsKt.customFoldLeft(ListOps.kt:57)
	at ListOpsKt.customFoldLeft(ListOps.kt:57)
	at ListOpsKt.customFoldLeft(ListOps.kt:57)
	at ListOpsKt.customFoldLeft(ListOps.kt:57)
	at ListOpsKt.customFoldLeft(ListOps.kt:57)
	at ListOpsKt.customFoldLeft(ListOps.kt:57)
	at ListOpsKt.customFoldLeft(ListOps.kt:57)
	at ListOpsKt.customFoldLeft(ListOps.kt:57)
	at ListOpsKt.customFoldLeft(ListOps.kt:57)
	at ListOpsKt.customFoldLeft(ListOps.kt:57)
	at ListOpsKt.customFoldLeft(ListOps.kt:57)
	at ListOpsKt.customFoldLeft(ListOps.kt:57)
	at ListOpsKt.customFoldLeft(ListOps.kt:57)
	at ListOpsKt.customFoldLeft(ListOps.kt:57)
	at ListOpsKt.customFoldLeft(ListOps.kt:57)
	at ListOpsKt.customFoldLeft(ListOps.kt:57)
	at ListOpsKt.customFoldLeft(ListOps.kt:57)
	at ListOpsKt.customFoldLeft(ListOps.kt:57)
	at ListOpsKt.customFoldLeft(ListOps.kt:57)
	at ListOpsKt.customFoldLeft(ListOps.kt:57)
	at ListOpsKt.customFoldLeft(ListOps.kt:57)
	at ListOpsKt.customFoldLeft(ListOps.kt:57)
</failure>
  </testcase>
  <system-out><![CDATA[]]></system-out>
  <system-err><![CDATA[]]></system-err>
</testsuite>
