<?xml version="1.0" encoding="UTF-8"?>
<testsuite name="MatrixTest" tests="8" skipped="0" failures="0" errors="0" timestamp="2023-03-08T08:05:15" hostname="MBPdiVittorio2.lan" time="0.019">
  <properties/>
  <testcase name="extract row from one number matrix" classname="MatrixTest" time="0.009"/>
  <testcase name="extract column from one number matrix" classname="MatrixTest" time="0.0"/>
  <testcase name="extract row from matrix" classname="MatrixTest" time="0.004"/>
  <testcase name="extract row from non square matrix" classname="MatrixTest" time="0.0"/>
  <testcase name="extract column from non square matrix" classname="MatrixTest" time="0.0"/>
  <testcase name="extract column matrix" classname="MatrixTest" time="0.0"/>
  <testcase name="extract row from diff widths matrix" classname="MatrixTest" time="0.0"/>
  <testcase name="extract column from diff widths matrix" classname="MatrixTest" time="0.005"/>
  <system-out><![CDATA[]]></system-out>
  <system-err><![CDATA[]]></system-err>
</testsuite>
